<?xml version="1.0" encoding="UTF-8"?>
<testng-results skipped="0" failed="0" total="4" passed="4">
  <reporter-output>
    <line>
      <![CDATA[Entered into the LoginMethod]]>
    </line>
    <line>
      <![CDATA[Completed LoginMethod]]>
    </line>
    <line>
      <![CDATA[Entered into the LoginMethod]]>
    </line>
    <line>
      <![CDATA[Completed LoginMethod]]>
    </line>
    <line>
      <![CDATA[Entered Create Account method]]>
    </line>
    <line>
      <![CDATA[Copmleted createAccount method]]>
    </line>
    <line>
      <![CDATA[Entered Create Account method]]>
    </line>
    <line>
      <![CDATA[Copmleted createAccount method]]>
    </line>
  </reporter-output>
  <suite name="Default suite" duration-ms="83199" started-at="2017-04-02T11:42:13Z" finished-at="2017-04-02T11:43:36Z">
    <groups>
    </groups>
    <test name="Default test" duration-ms="83199" started-at="2017-04-02T11:42:13Z" finished-at="2017-04-02T11:43:36Z">
      <class name="com.live.test.FacebookTest">
        <test-method status="PASS" signature="initalize()[pri:0, instance:com.live.test.FacebookTest@1b40d5f0]" name="initalize" is-config="true" duration-ms="3249" started-at="2017-04-02T04:42:13Z" finished-at="2017-04-02T04:42:16Z">
          <reporter-output>
          </reporter-output>
        </test-method> <!-- initalize -->
        <test-method status="PASS" signature="init()[pri:0, instance:com.live.test.FacebookTest@1b40d5f0]" name="init" is-config="true" duration-ms="22179" started-at="2017-04-02T04:42:16Z" finished-at="2017-04-02T04:42:39Z">
          <reporter-output>
          </reporter-output>
        </test-method> <!-- init -->
        <test-method status="PASS" signature="loginUser(java.lang.String, java.lang.String)[pri:0, instance:com.live.test.FacebookTest@1b40d5f0]" name="loginUser" duration-ms="2955" started-at="2017-04-02T04:42:39Z" data-provider="LoginData" finished-at="2017-04-02T04:42:42Z">
          <params>
            <param index="0">
              <value>
                <![CDATA[Loginuser1]]>
              </value>
            </param>
            <param index="1">
              <value>
                <![CDATA[Test123]]>
              </value>
            </param>
          </params>
          <reporter-output>
            <line>
              <![CDATA[Entered into the LoginMethod]]>
            </line>
            <line>
              <![CDATA[Completed LoginMethod]]>
            </line>
          </reporter-output>
        </test-method> <!-- loginUser -->
        <test-method status="PASS" signature="tearDown()[pri:0, instance:com.live.test.FacebookTest@1b40d5f0]" name="tearDown" is-config="true" duration-ms="3647" started-at="2017-04-02T04:42:42Z" finished-at="2017-04-02T04:42:45Z">
          <reporter-output>
          </reporter-output>
        </test-method> <!-- tearDown -->
        <test-method status="PASS" signature="init()[pri:0, instance:com.live.test.FacebookTest@1b40d5f0]" name="init" is-config="true" duration-ms="13741" started-at="2017-04-02T04:42:45Z" finished-at="2017-04-02T04:42:59Z">
          <reporter-output>
          </reporter-output>
        </test-method> <!-- init -->
        <test-method status="PASS" signature="loginUser(java.lang.String, java.lang.String)[pri:0, instance:com.live.test.FacebookTest@1b40d5f0]" name="loginUser" duration-ms="3134" started-at="2017-04-02T04:42:59Z" data-provider="LoginData" finished-at="2017-04-02T04:43:02Z">
          <params>
            <param index="0">
              <value>
                <![CDATA[Loginuser2]]>
              </value>
            </param>
            <param index="1">
              <value>
                <![CDATA[Test123]]>
              </value>
            </param>
          </params>
          <reporter-output>
            <line>
              <![CDATA[Entered into the LoginMethod]]>
            </line>
            <line>
              <![CDATA[Completed LoginMethod]]>
            </line>
          </reporter-output>
        </test-method> <!-- loginUser -->
        <test-method status="PASS" signature="tearDown()[pri:0, instance:com.live.test.FacebookTest@1b40d5f0]" name="tearDown" is-config="true" duration-ms="977" started-at="2017-04-02T04:43:02Z" finished-at="2017-04-02T04:43:03Z">
          <reporter-output>
          </reporter-output>
        </test-method> <!-- tearDown -->
        <test-method status="PASS" signature="init()[pri:0, instance:com.live.test.FacebookTest@1b40d5f0]" name="init" is-config="true" duration-ms="15221" started-at="2017-04-02T04:43:03Z" finished-at="2017-04-02T04:43:18Z">
          <reporter-output>
          </reporter-output>
        </test-method> <!-- init -->
        <test-method status="PASS" signature="createAccount(java.lang.String, java.lang.String)[pri:0, instance:com.live.test.FacebookTest@1b40d5f0]" name="createAccount" duration-ms="2772" started-at="2017-04-02T04:43:18Z" data-provider="CreateAccount" finished-at="2017-04-02T04:43:21Z">
          <params>
            <param index="0">
              <value>
                <![CDATA[Createuser1]]>
              </value>
            </param>
            <param index="1">
              <value>
                <![CDATA[Test123]]>
              </value>
            </param>
          </params>
          <reporter-output>
            <line>
              <![CDATA[Entered Create Account method]]>
            </line>
            <line>
              <![CDATA[Copmleted createAccount method]]>
            </line>
          </reporter-output>
        </test-method> <!-- createAccount -->
        <test-method status="PASS" signature="tearDown()[pri:0, instance:com.live.test.FacebookTest@1b40d5f0]" name="tearDown" is-config="true" duration-ms="905" started-at="2017-04-02T04:43:21Z" finished-at="2017-04-02T04:43:22Z">
          <reporter-output>
          </reporter-output>
        </test-method> <!-- tearDown -->
        <test-method status="PASS" signature="init()[pri:0, instance:com.live.test.FacebookTest@1b40d5f0]" name="init" is-config="true" duration-ms="10613" started-at="2017-04-02T04:43:22Z" finished-at="2017-04-02T04:43:33Z">
          <reporter-output>
          </reporter-output>
        </test-method> <!-- init -->
        <test-method status="PASS" signature="createAccount(java.lang.String, java.lang.String)[pri:0, instance:com.live.test.FacebookTest@1b40d5f0]" name="createAccount" duration-ms="2690" started-at="2017-04-02T04:43:33Z" data-provider="CreateAccount" finished-at="2017-04-02T04:43:35Z">
          <params>
            <param index="0">
              <value>
                <![CDATA[Createuser2]]>
              </value>
            </param>
            <param index="1">
              <value>
                <![CDATA[Test123]]>
              </value>
            </param>
          </params>
          <reporter-output>
            <line>
              <![CDATA[Entered Create Account method]]>
            </line>
            <line>
              <![CDATA[Copmleted createAccount method]]>
            </line>
          </reporter-output>
        </test-method> <!-- createAccount -->
        <test-method status="PASS" signature="tearDown()[pri:0, instance:com.live.test.FacebookTest@1b40d5f0]" name="tearDown" is-config="true" duration-ms="1045" started-at="2017-04-02T04:43:35Z" finished-at="2017-04-02T04:43:36Z">
          <reporter-output>
          </reporter-output>
        </test-method> <!-- tearDown -->
      </class> <!-- com.live.test.FacebookTest -->
    </test> <!-- Default test -->
  </suite> <!-- Default suite -->
</testng-results>
