<?xml version="1.0" encoding="UTF-8"?>
<!-- Generated by org.testng.reporters.JUnitXMLReporter -->
<testsuite hostname="HMECL000563" name="Default test" tests="4" failures="0" timestamp="1 Oct 2016 06:25:08 GMT" time="47.106" errors="0">
  <testcase name="loginUser" time="2.521" classname="com.live.test.FacebookTest"/>
  <testcase name="loginUser" time="3.009" classname="com.live.test.FacebookTest"/>
  <testcase name="createAccount" time="3.165" classname="com.live.test.FacebookTest"/>
  <testcase name="createAccount" time="3.243" classname="com.live.test.FacebookTest"/>
</testsuite> <!-- Default test -->
