<?xml version="1.0" encoding="UTF-8"?>
<!-- Generated by org.testng.reporters.JUnitXMLReporter -->
<testsuite hostname="Ganesha-PC" name="Default test" tests="4" failures="0" timestamp="2 Apr 2017 11:43:36 GMT" time="83.199" errors="0">
  <testcase name="loginUser" time="2.955" classname="com.live.test.FacebookTest"/>
  <testcase name="loginUser" time="3.134" classname="com.live.test.FacebookTest"/>
  <testcase name="createAccount" time="2.772" classname="com.live.test.FacebookTest"/>
  <testcase name="createAccount" time="2.69" classname="com.live.test.FacebookTest"/>
</testsuite> <!-- Default test -->
